<?xml version="1.0" encoding="UTF-8"?>
<testsuite name="com.revature.services.ClientServicesTest" tests="5" skipped="0" failures="0" errors="0" timestamp="2022-03-17T14:51:08" hostname="NICK" time="1.123">
  <properties/>
  <testcase name="clientReturnsTheSameObject()" classname="com.revature.services.ClientServicesTest" time="1.096"/>
  <testcase name="clientiDTestReturnsAnIllegalArgument()" classname="com.revature.services.ClientServicesTest" time="0.011"/>
  <testcase name="clientDoesNotExistException()" classname="com.revature.services.ClientServicesTest" time="0.008"/>
  <testcase name="deleteClientByIdException()" classname="com.revature.services.ClientServicesTest" time="0.001"/>
  <testcase name="getAllClients()" classname="com.revature.services.ClientServicesTest" time="0.002"/>
  <system-out><![CDATA[]]></system-out>
  <system-err><![CDATA[]]></system-err>
</testsuite>
